[26/Oct/2020:18:07:03] (I): WordPress Instance Info:
[26/Oct/2020:18:07:03] (I): Home URL : http://localhost/foreverhealtyindonesia
[26/Oct/2020:18:07:03] (I): Site URL : http://localhost/foreverhealtyindonesia
[26/Oct/2020:18:07:03] (I): WordPress Version : 5.5.1
[26/Oct/2020:18:07:03] (I): Onboarding Version : 1.0.11
[26/Oct/2020:18:07:03] (I): Multisite : No
[26/Oct/2020:18:07:03] (I): Server Info : Apache/2.4.43 (Win64) OpenSSL/1.1.1g PHP/7.4.8
[26/Oct/2020:18:07:03] (I): PHP Version : 7.4.8
[26/Oct/2020:18:07:03] (I): HTTPS : No
[26/Oct/2020:18:07:03] (I): PHP Max Execution Time : 120
[26/Oct/2020:18:07:03] (I): PHP Max Input Vars : 1000
[26/Oct/2020:18:07:03] (I): Max Upload Size : 41943040
[26/Oct/2020:18:07:03] (I): Plugins:
[26/Oct/2020:18:07:03] (I): [PLUGIN] Hide Admin Bar : v0.3.9.9 (Shelby DeNike)
[26/Oct/2020:18:07:03] (I): [PLUGIN] Gutenberg Blocks and Template Library by Otter : v1.5.8 (ThemeIsle)
[26/Oct/2020:18:07:03] (I): [PLUGIN] Templates Patterns Collection : v1.0.11 (ThemeIsle)
[26/Oct/2020:18:07:03] (P): Saving remote XML
[26/Oct/2020:18:07:03] (S): Saved remote XML at path C:\xampp\htdocs\foreverhealtyindonesia/wp-content/uploads/themeisle-demo-import.xml.
[26/Oct/2020:18:07:03] (P): Starting content import...
[26/Oct/2020:18:07:03] (S): Import started.
[26/Oct/2020:18:07:03] (S): Parsing XML file.
[26/Oct/2020:18:07:03] (P): Starting parsing file:C:\xampp\htdocs\foreverhealtyindonesia/wp-content/uploads/themeisle-demo-import.xml
[26/Oct/2020:18:07:03] (P): Using WXR_Parser_SimpleXML...
[26/Oct/2020:18:07:03] (S): Parsed XML
[26/Oct/2020:18:07:03] (P): Processing categories...
[26/Oct/2020:18:07:03] (S): Processed categories.
[26/Oct/2020:18:07:03] (P): Processing tags...
[26/Oct/2020:18:07:03] (S): No tags to process.
[26/Oct/2020:18:07:03] (P): Processing terms...
[26/Oct/2020:18:07:04] (S): Processed terms.
[26/Oct/2020:18:07:04] (P): Processing posts...
[26/Oct/2020:18:07:04] (P): Processing single menu item ' '...
[26/Oct/2020:18:07:04] (P): Processing attachment: https://s33834.pcdn.co/web-agency-gb/wp-content/uploads/sites/422/2020/01/neve-webdesign-GB-01.png...
[26/Oct/2020:18:07:04] (P): Fetching attachment from url: https://s33834.pcdn.co/web-agency-gb/wp-content/uploads/sites/422/2020/01/neve-webdesign-GB-01.png...
[26/Oct/2020:18:07:04] (S): Fetched remote attachment.
[26/Oct/2020:18:07:04] (P): Inserting attachment...
[26/Oct/2020:18:07:04] (S): Attachment inserted
[26/Oct/2020:18:07:04] (S): Processed attachment.
[26/Oct/2020:18:07:04] (P): Processing attachment: https://s33834.pcdn.co/web-agency-gb/wp-content/uploads/sites/422/2020/01/neve-webdesign-GB-03.png...
[26/Oct/2020:18:07:04] (P): Fetching attachment from url: https://s33834.pcdn.co/web-agency-gb/wp-content/uploads/sites/422/2020/01/neve-webdesign-GB-03.png...
[26/Oct/2020:18:07:05] (S): Fetched remote attachment.
[26/Oct/2020:18:07:05] (P): Inserting attachment...
[26/Oct/2020:18:07:05] (S): Attachment inserted
[26/Oct/2020:18:07:05] (S): Processed attachment.
[26/Oct/2020:18:07:05] (P): Processing attachment: https://s33834.pcdn.co/web-agency-gb/wp-content/uploads/sites/422/2020/01/neve-webdesign-GB-04.png...
[26/Oct/2020:18:07:05] (P): Fetching attachment from url: https://s33834.pcdn.co/web-agency-gb/wp-content/uploads/sites/422/2020/01/neve-webdesign-GB-04.png...
[26/Oct/2020:18:07:05] (S): Fetched remote attachment.
[26/Oct/2020:18:07:05] (P): Inserting attachment...
[26/Oct/2020:18:07:05] (S): Attachment inserted
[26/Oct/2020:18:07:05] (S): Processed attachment.
[26/Oct/2020:18:07:05] (P): Processing attachment: https://s33834.pcdn.co/web-agency-gb/wp-content/uploads/sites/422/2020/01/neve-web-design-bg-05.jpg...
[26/Oct/2020:18:07:05] (P): Fetching attachment from url: https://s33834.pcdn.co/web-agency-gb/wp-content/uploads/sites/422/2020/01/neve-web-design-bg-05.jpg...
[26/Oct/2020:18:07:06] (S): Fetched remote attachment.
[26/Oct/2020:18:07:06] (P): Inserting attachment...
[26/Oct/2020:18:07:06] (S): Attachment inserted
[26/Oct/2020:18:07:06] (S): Processed attachment.
[26/Oct/2020:18:07:06] (P): Processing attachment: https://s33834.pcdn.co/web-agency-gb/wp-content/uploads/sites/422/2020/01/neve-web-design-bg-06.jpg...
[26/Oct/2020:18:07:06] (P): Fetching attachment from url: https://s33834.pcdn.co/web-agency-gb/wp-content/uploads/sites/422/2020/01/neve-web-design-bg-06.jpg...
[26/Oct/2020:18:07:06] (S): Fetched remote attachment.
[26/Oct/2020:18:07:06] (P): Inserting attachment...
[26/Oct/2020:18:07:06] (S): Attachment inserted
[26/Oct/2020:18:07:06] (S): Processed attachment.
[26/Oct/2020:18:07:06] (P): Processing attachment: https://s33834.pcdn.co/web-agency-gb/wp-content/uploads/sites/422/2020/01/neve-web-design-bg-07.jpg...
[26/Oct/2020:18:07:06] (P): Fetching attachment from url: https://s33834.pcdn.co/web-agency-gb/wp-content/uploads/sites/422/2020/01/neve-web-design-bg-07.jpg...
[26/Oct/2020:18:07:06] (S): Fetched remote attachment.
[26/Oct/2020:18:07:06] (P): Inserting attachment...
[26/Oct/2020:18:07:07] (S): Attachment inserted
[26/Oct/2020:18:07:07] (S): Processed attachment.
[26/Oct/2020:18:07:07] (P): Processing attachment: https://s33834.pcdn.co/web-agency-gb/wp-content/uploads/sites/422/2020/01/neve-web-design-bg-08.jpg...
[26/Oct/2020:18:07:07] (P): Fetching attachment from url: https://s33834.pcdn.co/web-agency-gb/wp-content/uploads/sites/422/2020/01/neve-web-design-bg-08.jpg...
[26/Oct/2020:18:07:07] (S): Fetched remote attachment.
[26/Oct/2020:18:07:07] (P): Inserting attachment...
[26/Oct/2020:18:07:07] (S): Attachment inserted
[26/Oct/2020:18:07:07] (S): Processed attachment.
[26/Oct/2020:18:07:07] (P): Processing attachment: https://s33834.pcdn.co/web-agency-gb/wp-content/uploads/sites/422/2020/01/neve-web-design-bg-09.jpg...
[26/Oct/2020:18:07:07] (P): Fetching attachment from url: https://s33834.pcdn.co/web-agency-gb/wp-content/uploads/sites/422/2020/01/neve-web-design-bg-09.jpg...
[26/Oct/2020:18:07:08] (S): Fetched remote attachment.
[26/Oct/2020:18:07:08] (P): Inserting attachment...
[26/Oct/2020:18:07:08] (S): Attachment inserted
[26/Oct/2020:18:07:08] (S): Processed attachment.
[26/Oct/2020:18:07:08] (P): Processing attachment: https://s33834.pcdn.co/web-agency-gb/wp-content/uploads/sites/422/2020/01/neve-web-design-bg-10.jpg...
[26/Oct/2020:18:07:08] (P): Fetching attachment from url: https://s33834.pcdn.co/web-agency-gb/wp-content/uploads/sites/422/2020/01/neve-web-design-bg-10.jpg...
[26/Oct/2020:18:07:08] (S): Fetched remote attachment.
[26/Oct/2020:18:07:08] (P): Inserting attachment...
[26/Oct/2020:18:07:08] (S): Attachment inserted
[26/Oct/2020:18:07:08] (S): Processed attachment.
[26/Oct/2020:18:07:08] (P): Processing attachment: https://s33834.pcdn.co/web-agency-gb/wp-content/uploads/sites/422/2020/01/neve-web-design-bg-11.jpg...
[26/Oct/2020:18:07:08] (P): Fetching attachment from url: https://s33834.pcdn.co/web-agency-gb/wp-content/uploads/sites/422/2020/01/neve-web-design-bg-11.jpg...
[26/Oct/2020:18:07:08] (S): Fetched remote attachment.
[26/Oct/2020:18:07:08] (P): Inserting attachment...
[26/Oct/2020:18:07:08] (S): Attachment inserted
[26/Oct/2020:18:07:08] (S): Processed attachment.
[26/Oct/2020:18:07:08] (P): Processing attachment: https://s33834.pcdn.co/web-agency-gb/wp-content/uploads/sites/422/2020/01/neve-web-design-bg-12.jpg...
[26/Oct/2020:18:07:08] (P): Fetching attachment from url: https://s33834.pcdn.co/web-agency-gb/wp-content/uploads/sites/422/2020/01/neve-web-design-bg-12.jpg...
[26/Oct/2020:18:07:09] (S): Fetched remote attachment.
[26/Oct/2020:18:07:09] (P): Inserting attachment...
[26/Oct/2020:18:07:09] (S): Attachment inserted
[26/Oct/2020:18:07:09] (S): Processed attachment.
[26/Oct/2020:18:07:09] (P): Processing attachment: https://s33834.pcdn.co/web-agency-gb/wp-content/uploads/sites/422/2020/01/neve-web-design-bg-13.jpg...
[26/Oct/2020:18:07:09] (P): Fetching attachment from url: https://s33834.pcdn.co/web-agency-gb/wp-content/uploads/sites/422/2020/01/neve-web-design-bg-13.jpg...
[26/Oct/2020:18:07:09] (S): Fetched remote attachment.
[26/Oct/2020:18:07:09] (P): Inserting attachment...
[26/Oct/2020:18:07:09] (S): Attachment inserted
[26/Oct/2020:18:07:09] (S): Processed attachment.
[26/Oct/2020:18:07:09] (P): Processing attachment: https://s33834.pcdn.co/web-agency-gb/wp-content/uploads/sites/422/2020/01/neve-web-design-bg-14.jpg...
[26/Oct/2020:18:07:09] (P): Fetching attachment from url: https://s33834.pcdn.co/web-agency-gb/wp-content/uploads/sites/422/2020/01/neve-web-design-bg-14.jpg...
[26/Oct/2020:18:07:09] (S): Fetched remote attachment.
[26/Oct/2020:18:07:09] (P): Inserting attachment...
[26/Oct/2020:18:07:09] (S): Attachment inserted
[26/Oct/2020:18:07:10] (S): Processed attachment.
[26/Oct/2020:18:07:10] (P): Processing attachment: https://s33834.pcdn.co/web-agency-gb/wp-content/uploads/sites/422/2020/01/neve-web-design-bg-15.jpg...
[26/Oct/2020:18:07:10] (P): Fetching attachment from url: https://s33834.pcdn.co/web-agency-gb/wp-content/uploads/sites/422/2020/01/neve-web-design-bg-15.jpg...
[26/Oct/2020:18:07:10] (S): Fetched remote attachment.
[26/Oct/2020:18:07:10] (P): Inserting attachment...
[26/Oct/2020:18:07:10] (S): Attachment inserted
[26/Oct/2020:18:07:10] (S): Processed attachment.
[26/Oct/2020:18:07:10] (P): Processing attachment: https://s33834.pcdn.co/web-agency-gb/wp-content/uploads/sites/422/2020/06/web-agency-logo-2.png...
[26/Oct/2020:18:07:10] (P): Fetching attachment from url: https://s33834.pcdn.co/web-agency-gb/wp-content/uploads/sites/422/2020/06/web-agency-logo-2.png...
[26/Oct/2020:18:07:10] (S): Fetched remote attachment.
[26/Oct/2020:18:07:10] (P): Inserting attachment...
[26/Oct/2020:18:07:10] (S): Attachment inserted
[26/Oct/2020:18:07:10] (S): Processed attachment.
[26/Oct/2020:18:07:10] (P): Processing attachment: https://s33834.pcdn.co/web-agency-gb/wp-content/uploads/sites/422/2020/06/web-agency-icon.png...
[26/Oct/2020:18:07:10] (P): Fetching attachment from url: https://s33834.pcdn.co/web-agency-gb/wp-content/uploads/sites/422/2020/06/web-agency-icon.png...
[26/Oct/2020:18:07:10] (S): Fetched remote attachment.
[26/Oct/2020:18:07:10] (P): Inserting attachment...
[26/Oct/2020:18:07:11] (S): Attachment inserted
[26/Oct/2020:18:07:11] (S): Processed attachment.
[26/Oct/2020:18:07:11] (P): Processing attachment: https://s33834.pcdn.co/web-agency-gb/wp-content/uploads/sites/422/2020/06/cropped-web-agency-logo-2.png...
[26/Oct/2020:18:07:11] (P): Fetching attachment from url: https://s33834.pcdn.co/web-agency-gb/wp-content/uploads/sites/422/2020/06/cropped-web-agency-logo-2.png...
[26/Oct/2020:18:07:11] (S): Fetched remote attachment.
[26/Oct/2020:18:07:11] (P): Inserting attachment...
[26/Oct/2020:18:07:11] (S): Attachment inserted
[26/Oct/2020:18:07:12] (S): Processed attachment.
[26/Oct/2020:18:07:12] (P): Processing attachment: https://s33834.pcdn.co/web-agency-gb/wp-content/uploads/sites/422/2020/06/cropped-web-agency-icon.png...
[26/Oct/2020:18:07:12] (P): Fetching attachment from url: https://s33834.pcdn.co/web-agency-gb/wp-content/uploads/sites/422/2020/06/cropped-web-agency-icon.png...
[26/Oct/2020:18:07:12] (S): Fetched remote attachment.
[26/Oct/2020:18:07:12] (P): Inserting attachment...
[26/Oct/2020:18:07:12] (S): Attachment inserted
[26/Oct/2020:18:07:12] (S): Processed attachment.
[26/Oct/2020:18:07:12] (P): Processing attachment: https://s33834.pcdn.co/web-agency-gb/wp-content/uploads/sites/422/2020/07/web-design-studio-01.jpg.jpg...
[26/Oct/2020:18:07:12] (P): Fetching attachment from url: https://s33834.pcdn.co/web-agency-gb/wp-content/uploads/sites/422/2020/07/web-design-studio-01.jpg.jpg...
[26/Oct/2020:18:07:12] (S): Fetched remote attachment.
[26/Oct/2020:18:07:12] (P): Inserting attachment...
[26/Oct/2020:18:07:12] (S): Attachment inserted
[26/Oct/2020:18:07:13] (S): Processed attachment.
[26/Oct/2020:18:07:13] (P): Inserting page: News .
[26/Oct/2020:18:07:14] (S): Done inserting page: News .
[26/Oct/2020:18:07:14] (P): Inserting page: Home .
[26/Oct/2020:18:07:15] (S): Done inserting page: Home .
[26/Oct/2020:18:07:16] (P): Processing single menu item ' '...
[26/Oct/2020:18:07:16] (S): Processed single menu item.
[26/Oct/2020:18:07:16] (P): Inserting wp_block: 3 column section .
[26/Oct/2020:18:07:17] (S): Done inserting wp_block: 3 column section .
[26/Oct/2020:18:07:17] (P): Inserting page: About Us .
[26/Oct/2020:18:07:18] (S): Done inserting page: About Us .
[26/Oct/2020:18:07:19] (P): Processing single menu item ' '...
[26/Oct/2020:18:07:20] (S): Processed single menu item.
[26/Oct/2020:18:07:20] (P): Inserting page: Portfolio .
[26/Oct/2020:18:07:20] (S): Done inserting page: Portfolio .
[26/Oct/2020:18:07:21] (P): Inserting page: Portfolio Single .
[26/Oct/2020:18:07:22] (S): Done inserting page: Portfolio Single .
[26/Oct/2020:18:07:23] (P): Processing single menu item ' '...
[26/Oct/2020:18:07:24] (S): Processed single menu item.
[26/Oct/2020:18:07:24] (P): Processing single menu item ' '...
[26/Oct/2020:18:07:25] (S): Processed single menu item.
[26/Oct/2020:18:07:25] (P): Inserting page: Contact Us .
[26/Oct/2020:18:07:26] (S): Done inserting page: Contact Us .
[26/Oct/2020:18:07:26] (P): Processing single menu item ' '...
[26/Oct/2020:18:07:27] (S): Processed single menu item.
[26/Oct/2020:18:07:27] (P): Inserting wp_block: Team Social Icons .
[26/Oct/2020:18:07:27] (S): Done inserting wp_block: Team Social Icons .
[26/Oct/2020:18:07:27] (S): Processed posts.
[26/Oct/2020:18:07:29] (P): Processing single menu item ' '...
[26/Oct/2020:18:07:30] (S): Processed single menu item.
[26/Oct/2020:18:07:31] (P): Cleaning up import with id ...
[26/Oct/2020:18:07:31] (P): Done cleanup. Flushing cache...
[26/Oct/2020:18:07:31] (P): Flushed cache. Removing temporary data..
[26/Oct/2020:18:07:32] (S): Done importing
[26/Oct/2020:18:07:32] (P): Busting elementor cache
[26/Oct/2020:18:07:32] (S): Front page set up with id: 746.
